2021-07-12 21:08:18 WARN  NativeCodeLoader:62 - Unable to load native-hadoop library for your platform... using builtin-java classes where applicable
2021-07-12 21:15:53 WARN  NativeCodeLoader:62 - Unable to load native-hadoop library for your platform... using builtin-java classes where applicable
2021-07-12 21:16:12 WARN  ProcfsMetricsGetter:69 - Exception when trying to compute pagesize, as a result reporting of ProcessTree metrics is stopped
2021-07-12 21:27:01 WARN  NativeCodeLoader:62 - Unable to load native-hadoop library for your platform... using builtin-java classes where applicable
2021-07-12 21:27:18 WARN  ProcfsMetricsGetter:69 - Exception when trying to compute pagesize, as a result reporting of ProcessTree metrics is stopped
2021-07-12 21:33:54 WARN  NativeCodeLoader:62 - Unable to load native-hadoop library for your platform... using builtin-java classes where applicable
2021-07-12 21:34:11 WARN  ProcfsMetricsGetter:69 - Exception when trying to compute pagesize, as a result reporting of ProcessTree metrics is stopped
2021-07-12 21:36:19 WARN  NativeCodeLoader:62 - Unable to load native-hadoop library for your platform... using builtin-java classes where applicable
2021-07-12 21:36:38 WARN  ProcfsMetricsGetter:69 - Exception when trying to compute pagesize, as a result reporting of ProcessTree metrics is stopped
2021-07-12 21:53:37 WARN  NativeCodeLoader:62 - Unable to load native-hadoop library for your platform... using builtin-java classes where applicable
2021-07-12 21:53:52 WARN  ProcfsMetricsGetter:69 - Exception when trying to compute pagesize, as a result reporting of ProcessTree metrics is stopped
2021-07-12 21:56:48 WARN  NativeCodeLoader:62 - Unable to load native-hadoop library for your platform... using builtin-java classes where applicable
2021-07-12 21:57:04 WARN  ProcfsMetricsGetter:69 - Exception when trying to compute pagesize, as a result reporting of ProcessTree metrics is stopped
2021-07-13 18:43:29 WARN  NativeCodeLoader:62 - Unable to load native-hadoop library for your platform... using builtin-java classes where applicable
2021-07-13 18:43:44 WARN  ProcfsMetricsGetter:69 - Exception when trying to compute pagesize, as a result reporting of ProcessTree metrics is stopped
2021-07-13 18:46:39 WARN  NativeCodeLoader:62 - Unable to load native-hadoop library for your platform... using builtin-java classes where applicable
2021-07-13 18:47:02 WARN  ProcfsMetricsGetter:69 - Exception when trying to compute pagesize, as a result reporting of ProcessTree metrics is stopped
2021-07-13 18:57:20 WARN  NativeCodeLoader:62 - Unable to load native-hadoop library for your platform... using builtin-java classes where applicable
2021-07-13 18:57:37 WARN  ProcfsMetricsGetter:69 - Exception when trying to compute pagesize, as a result reporting of ProcessTree metrics is stopped
2021-07-13 19:13:09 WARN  NativeCodeLoader:62 - Unable to load native-hadoop library for your platform... using builtin-java classes where applicable
2021-07-13 19:13:32 WARN  ProcfsMetricsGetter:69 - Exception when trying to compute pagesize, as a result reporting of ProcessTree metrics is stopped
2021-07-13 19:15:48 WARN  NativeCodeLoader:62 - Unable to load native-hadoop library for your platform... using builtin-java classes where applicable
2021-07-13 19:16:03 WARN  ProcfsMetricsGetter:69 - Exception when trying to compute pagesize, as a result reporting of ProcessTree metrics is stopped
2021-07-13 19:26:51 WARN  NativeCodeLoader:62 - Unable to load native-hadoop library for your platform... using builtin-java classes where applicable
2021-07-13 19:27:08 WARN  ProcfsMetricsGetter:69 - Exception when trying to compute pagesize, as a result reporting of ProcessTree metrics is stopped
2021-07-13 19:45:21 WARN  NativeCodeLoader:62 - Unable to load native-hadoop library for your platform... using builtin-java classes where applicable
2021-07-13 19:45:42 WARN  ProcfsMetricsGetter:69 - Exception when trying to compute pagesize, as a result reporting of ProcessTree metrics is stopped
2021-07-13 19:52:41 WARN  NativeCodeLoader:62 - Unable to load native-hadoop library for your platform... using builtin-java classes where applicable
2021-07-13 19:53:01 WARN  ProcfsMetricsGetter:69 - Exception when trying to compute pagesize, as a result reporting of ProcessTree metrics is stopped
2021-07-13 20:21:08 WARN  NativeCodeLoader:62 - Unable to load native-hadoop library for your platform... using builtin-java classes where applicable
2021-07-13 20:21:27 WARN  ProcfsMetricsGetter:69 - Exception when trying to compute pagesize, as a result reporting of ProcessTree metrics is stopped
2021-07-13 21:30:04 WARN  NativeCodeLoader:62 - Unable to load native-hadoop library for your platform... using builtin-java classes where applicable
2021-07-13 21:30:19 WARN  ProcfsMetricsGetter:69 - Exception when trying to compute pagesize, as a result reporting of ProcessTree metrics is stopped
2021-07-13 21:33:40 WARN  NativeCodeLoader:62 - Unable to load native-hadoop library for your platform... using builtin-java classes where applicable
2021-07-13 21:34:02 WARN  ProcfsMetricsGetter:69 - Exception when trying to compute pagesize, as a result reporting of ProcessTree metrics is stopped
2021-07-13 21:42:30 WARN  NativeCodeLoader:62 - Unable to load native-hadoop library for your platform... using builtin-java classes where applicable
2021-07-13 21:42:50 WARN  ProcfsMetricsGetter:69 - Exception when trying to compute pagesize, as a result reporting of ProcessTree metrics is stopped
2021-07-13 21:45:17 WARN  NativeCodeLoader:62 - Unable to load native-hadoop library for your platform... using builtin-java classes where applicable
2021-07-13 21:45:33 WARN  ProcfsMetricsGetter:69 - Exception when trying to compute pagesize, as a result reporting of ProcessTree metrics is stopped
2021-07-13 21:48:54 WARN  NativeCodeLoader:62 - Unable to load native-hadoop library for your platform... using builtin-java classes where applicable
2021-07-13 21:49:12 WARN  ProcfsMetricsGetter:69 - Exception when trying to compute pagesize, as a result reporting of ProcessTree metrics is stopped
2021-07-13 21:53:20 WARN  NativeCodeLoader:62 - Unable to load native-hadoop library for your platform... using builtin-java classes where applicable
2021-07-13 21:53:43 WARN  ProcfsMetricsGetter:69 - Exception when trying to compute pagesize, as a result reporting of ProcessTree metrics is stopped
2021-07-13 21:59:26 WARN  NativeCodeLoader:62 - Unable to load native-hadoop library for your platform... using builtin-java classes where applicable
2021-07-13 21:59:45 WARN  ProcfsMetricsGetter:69 - Exception when trying to compute pagesize, as a result reporting of ProcessTree metrics is stopped
2021-07-15 14:59:06 WARN  NativeCodeLoader:62 - Unable to load native-hadoop library for your platform... using builtin-java classes where applicable
2021-07-15 14:59:22 WARN  ProcfsMetricsGetter:69 - Exception when trying to compute pagesize, as a result reporting of ProcessTree metrics is stopped
2021-07-15 15:05:36 WARN  NativeCodeLoader:62 - Unable to load native-hadoop library for your platform... using builtin-java classes where applicable
2021-07-15 15:05:53 WARN  ProcfsMetricsGetter:69 - Exception when trying to compute pagesize, as a result reporting of ProcessTree metrics is stopped
2021-07-15 15:38:33 WARN  NativeCodeLoader:62 - Unable to load native-hadoop library for your platform... using builtin-java classes where applicable
2021-07-15 15:38:48 WARN  ProcfsMetricsGetter:69 - Exception when trying to compute pagesize, as a result reporting of ProcessTree metrics is stopped
2021-07-15 16:06:37 WARN  NativeCodeLoader:62 - Unable to load native-hadoop library for your platform... using builtin-java classes where applicable
2021-07-15 16:06:55 WARN  ProcfsMetricsGetter:69 - Exception when trying to compute pagesize, as a result reporting of ProcessTree metrics is stopped
2021-07-15 16:13:36 WARN  NativeCodeLoader:62 - Unable to load native-hadoop library for your platform... using builtin-java classes where applicable
2021-07-15 16:13:54 WARN  ProcfsMetricsGetter:69 - Exception when trying to compute pagesize, as a result reporting of ProcessTree metrics is stopped
2021-07-15 16:16:50 WARN  NativeCodeLoader:62 - Unable to load native-hadoop library for your platform... using builtin-java classes where applicable
2021-07-15 16:17:05 WARN  ProcfsMetricsGetter:69 - Exception when trying to compute pagesize, as a result reporting of ProcessTree metrics is stopped
2021-07-15 16:22:45 WARN  NativeCodeLoader:62 - Unable to load native-hadoop library for your platform... using builtin-java classes where applicable
2021-07-15 16:23:03 WARN  ProcfsMetricsGetter:69 - Exception when trying to compute pagesize, as a result reporting of ProcessTree metrics is stopped
2021-07-15 16:26:58 WARN  NativeCodeLoader:62 - Unable to load native-hadoop library for your platform... using builtin-java classes where applicable
2021-07-15 16:33:00 WARN  NativeCodeLoader:62 - Unable to load native-hadoop library for your platform... using builtin-java classes where applicable
2021-07-15 16:33:17 WARN  ProcfsMetricsGetter:69 - Exception when trying to compute pagesize, as a result reporting of ProcessTree metrics is stopped
2021-07-15 16:34:13 WARN  NativeCodeLoader:62 - Unable to load native-hadoop library for your platform... using builtin-java classes where applicable
2021-07-15 16:34:27 WARN  ProcfsMetricsGetter:69 - Exception when trying to compute pagesize, as a result reporting of ProcessTree metrics is stopped
2021-07-15 16:59:46 WARN  NativeCodeLoader:62 - Unable to load native-hadoop library for your platform... using builtin-java classes where applicable
2021-07-15 17:00:03 WARN  ProcfsMetricsGetter:69 - Exception when trying to compute pagesize, as a result reporting of ProcessTree metrics is stopped
2021-07-15 17:03:12 WARN  NativeCodeLoader:62 - Unable to load native-hadoop library for your platform... using builtin-java classes where applicable
2021-07-15 17:03:28 WARN  ProcfsMetricsGetter:69 - Exception when trying to compute pagesize, as a result reporting of ProcessTree metrics is stopped
2021-07-15 17:04:49 WARN  NativeCodeLoader:62 - Unable to load native-hadoop library for your platform... using builtin-java classes where applicable
2021-07-15 18:39:09 WARN  NativeCodeLoader:62 - Unable to load native-hadoop library for your platform... using builtin-java classes where applicable
2021-07-15 18:39:33 WARN  ProcfsMetricsGetter:69 - Exception when trying to compute pagesize, as a result reporting of ProcessTree metrics is stopped
2021-07-15 18:40:37 WARN  NativeCodeLoader:62 - Unable to load native-hadoop library for your platform... using builtin-java classes where applicable
2021-07-15 18:40:51 WARN  ProcfsMetricsGetter:69 - Exception when trying to compute pagesize, as a result reporting of ProcessTree metrics is stopped
2021-07-15 18:43:49 WARN  NativeCodeLoader:62 - Unable to load native-hadoop library for your platform... using builtin-java classes where applicable
2021-07-15 18:44:06 WARN  ProcfsMetricsGetter:69 - Exception when trying to compute pagesize, as a result reporting of ProcessTree metrics is stopped
2021-07-15 18:46:59 WARN  NativeCodeLoader:62 - Unable to load native-hadoop library for your platform... using builtin-java classes where applicable
2021-07-15 18:47:13 WARN  ProcfsMetricsGetter:69 - Exception when trying to compute pagesize, as a result reporting of ProcessTree metrics is stopped
2021-07-15 18:49:19 WARN  NativeCodeLoader:62 - Unable to load native-hadoop library for your platform... using builtin-java classes where applicable
2021-07-15 18:49:34 WARN  ProcfsMetricsGetter:69 - Exception when trying to compute pagesize, as a result reporting of ProcessTree metrics is stopped
2021-07-15 18:50:46 WARN  NativeCodeLoader:62 - Unable to load native-hadoop library for your platform... using builtin-java classes where applicable
2021-07-15 18:51:05 WARN  ProcfsMetricsGetter:69 - Exception when trying to compute pagesize, as a result reporting of ProcessTree metrics is stopped
2021-07-15 18:53:43 WARN  NativeCodeLoader:62 - Unable to load native-hadoop library for your platform... using builtin-java classes where applicable
2021-07-15 18:53:57 WARN  ProcfsMetricsGetter:69 - Exception when trying to compute pagesize, as a result reporting of ProcessTree metrics is stopped
2021-07-15 18:54:50 WARN  NativeCodeLoader:62 - Unable to load native-hadoop library for your platform... using builtin-java classes where applicable
2021-07-15 18:55:06 WARN  ProcfsMetricsGetter:69 - Exception when trying to compute pagesize, as a result reporting of ProcessTree metrics is stopped
2021-07-15 19:04:20 WARN  NativeCodeLoader:62 - Unable to load native-hadoop library for your platform... using builtin-java classes where applicable
2021-07-15 19:04:36 WARN  ProcfsMetricsGetter:69 - Exception when trying to compute pagesize, as a result reporting of ProcessTree metrics is stopped
2021-07-15 19:25:29 WARN  NativeCodeLoader:62 - Unable to load native-hadoop library for your platform... using builtin-java classes where applicable
2021-07-15 19:25:49 WARN  ProcfsMetricsGetter:69 - Exception when trying to compute pagesize, as a result reporting of ProcessTree metrics is stopped
2021-07-15 19:27:03 WARN  NativeCodeLoader:62 - Unable to load native-hadoop library for your platform... using builtin-java classes where applicable
2021-07-15 19:27:20 WARN  ProcfsMetricsGetter:69 - Exception when trying to compute pagesize, as a result reporting of ProcessTree metrics is stopped
2021-07-15 19:31:23 WARN  NativeCodeLoader:62 - Unable to load native-hadoop library for your platform... using builtin-java classes where applicable
2021-07-15 19:31:38 WARN  ProcfsMetricsGetter:69 - Exception when trying to compute pagesize, as a result reporting of ProcessTree metrics is stopped
2021-07-15 19:35:57 WARN  NativeCodeLoader:62 - Unable to load native-hadoop library for your platform... using builtin-java classes where applicable
2021-07-15 19:36:16 WARN  ProcfsMetricsGetter:69 - Exception when trying to compute pagesize, as a result reporting of ProcessTree metrics is stopped
2021-07-15 19:51:30 WARN  NativeCodeLoader:62 - Unable to load native-hadoop library for your platform... using builtin-java classes where applicable
2021-07-15 19:51:50 WARN  ProcfsMetricsGetter:69 - Exception when trying to compute pagesize, as a result reporting of ProcessTree metrics is stopped
2021-07-15 19:56:50 WARN  NativeCodeLoader:62 - Unable to load native-hadoop library for your platform... using builtin-java classes where applicable
2021-07-15 19:57:06 WARN  ProcfsMetricsGetter:69 - Exception when trying to compute pagesize, as a result reporting of ProcessTree metrics is stopped
2021-07-15 20:06:38 WARN  NativeCodeLoader:62 - Unable to load native-hadoop library for your platform... using builtin-java classes where applicable
2021-07-15 20:06:57 WARN  ProcfsMetricsGetter:69 - Exception when trying to compute pagesize, as a result reporting of ProcessTree metrics is stopped
2021-07-15 20:12:09 WARN  NativeCodeLoader:62 - Unable to load native-hadoop library for your platform... using builtin-java classes where applicable
2021-07-15 20:12:30 WARN  ProcfsMetricsGetter:69 - Exception when trying to compute pagesize, as a result reporting of ProcessTree metrics is stopped
2021-07-17 09:39:28 WARN  NativeCodeLoader:62 - Unable to load native-hadoop library for your platform... using builtin-java classes where applicable
2021-07-17 09:39:48 WARN  ProcfsMetricsGetter:69 - Exception when trying to compute pagesize, as a result reporting of ProcessTree metrics is stopped
2021-07-17 11:32:54 WARN  NativeCodeLoader:62 - Unable to load native-hadoop library for your platform... using builtin-java classes where applicable
2021-07-17 11:33:12 WARN  ProcfsMetricsGetter:69 - Exception when trying to compute pagesize, as a result reporting of ProcessTree metrics is stopped
2021-07-17 11:34:32 WARN  NativeCodeLoader:62 - Unable to load native-hadoop library for your platform... using builtin-java classes where applicable
2021-07-17 11:34:51 WARN  ProcfsMetricsGetter:69 - Exception when trying to compute pagesize, as a result reporting of ProcessTree metrics is stopped
2021-07-17 21:02:09 WARN  NativeCodeLoader:62 - Unable to load native-hadoop library for your platform... using builtin-java classes where applicable
2021-07-17 21:02:23 WARN  ProcfsMetricsGetter:69 - Exception when trying to compute pagesize, as a result reporting of ProcessTree metrics is stopped
2021-07-17 21:15:21 WARN  NativeCodeLoader:62 - Unable to load native-hadoop library for your platform... using builtin-java classes where applicable
2021-07-17 21:15:36 WARN  ProcfsMetricsGetter:69 - Exception when trying to compute pagesize, as a result reporting of ProcessTree metrics is stopped
2021-07-17 21:22:28 WARN  NativeCodeLoader:62 - Unable to load native-hadoop library for your platform... using builtin-java classes where applicable
2021-07-17 21:22:44 WARN  ProcfsMetricsGetter:69 - Exception when trying to compute pagesize, as a result reporting of ProcessTree metrics is stopped
2021-07-17 21:35:58 WARN  NativeCodeLoader:62 - Unable to load native-hadoop library for your platform... using builtin-java classes where applicable
2021-07-17 21:36:21 WARN  ProcfsMetricsGetter:69 - Exception when trying to compute pagesize, as a result reporting of ProcessTree metrics is stopped
2021-07-17 21:38:59 WARN  NativeCodeLoader:62 - Unable to load native-hadoop library for your platform... using builtin-java classes where applicable
2021-07-17 21:39:19 WARN  ProcfsMetricsGetter:69 - Exception when trying to compute pagesize, as a result reporting of ProcessTree metrics is stopped
2021-07-17 21:40:49 WARN  NativeCodeLoader:62 - Unable to load native-hadoop library for your platform... using builtin-java classes where applicable
2021-07-17 21:41:04 WARN  ProcfsMetricsGetter:69 - Exception when trying to compute pagesize, as a result reporting of ProcessTree metrics is stopped
2021-07-17 21:41:39 WARN  NativeCodeLoader:62 - Unable to load native-hadoop library for your platform... using builtin-java classes where applicable
2021-07-17 21:41:55 WARN  ProcfsMetricsGetter:69 - Exception when trying to compute pagesize, as a result reporting of ProcessTree metrics is stopped
2021-07-17 21:43:22 WARN  NativeCodeLoader:62 - Unable to load native-hadoop library for your platform... using builtin-java classes where applicable
2021-07-17 21:43:43 WARN  ProcfsMetricsGetter:69 - Exception when trying to compute pagesize, as a result reporting of ProcessTree metrics is stopped
2021-07-19 19:17:38 WARN  NativeCodeLoader:62 - Unable to load native-hadoop library for your platform... using builtin-java classes where applicable
2021-07-19 19:17:58 WARN  ProcfsMetricsGetter:69 - Exception when trying to compute pagesize, as a result reporting of ProcessTree metrics is stopped
2021-07-19 19:19:09 WARN  NativeCodeLoader:62 - Unable to load native-hadoop library for your platform... using builtin-java classes where applicable
2021-07-19 19:19:27 WARN  ProcfsMetricsGetter:69 - Exception when trying to compute pagesize, as a result reporting of ProcessTree metrics is stopped
2021-07-20 09:00:07 WARN  NativeCodeLoader:62 - Unable to load native-hadoop library for your platform... using builtin-java classes where applicable
2021-07-20 09:00:26 WARN  ProcfsMetricsGetter:69 - Exception when trying to compute pagesize, as a result reporting of ProcessTree metrics is stopped
2021-07-20 09:03:14 WARN  NativeCodeLoader:62 - Unable to load native-hadoop library for your platform... using builtin-java classes where applicable
2021-07-20 09:03:28 WARN  ProcfsMetricsGetter:69 - Exception when trying to compute pagesize, as a result reporting of ProcessTree metrics is stopped
2021-07-20 11:30:08 WARN  NativeCodeLoader:62 - Unable to load native-hadoop library for your platform... using builtin-java classes where applicable
2021-07-20 11:30:27 WARN  ProcfsMetricsGetter:69 - Exception when trying to compute pagesize, as a result reporting of ProcessTree metrics is stopped
2021-07-20 11:33:42 WARN  NativeCodeLoader:62 - Unable to load native-hadoop library for your platform... using builtin-java classes where applicable
2021-07-20 11:34:00 WARN  ProcfsMetricsGetter:69 - Exception when trying to compute pagesize, as a result reporting of ProcessTree metrics is stopped
2021-07-20 11:34:46 WARN  NativeCodeLoader:62 - Unable to load native-hadoop library for your platform... using builtin-java classes where applicable
2021-07-20 11:35:03 WARN  ProcfsMetricsGetter:69 - Exception when trying to compute pagesize, as a result reporting of ProcessTree metrics is stopped
2021-07-20 11:36:34 WARN  NativeCodeLoader:62 - Unable to load native-hadoop library for your platform... using builtin-java classes where applicable
2021-07-20 11:36:50 WARN  ProcfsMetricsGetter:69 - Exception when trying to compute pagesize, as a result reporting of ProcessTree metrics is stopped
2021-07-20 11:39:27 WARN  NativeCodeLoader:62 - Unable to load native-hadoop library for your platform... using builtin-java classes where applicable
2021-07-20 11:39:47 WARN  ProcfsMetricsGetter:69 - Exception when trying to compute pagesize, as a result reporting of ProcessTree metrics is stopped
2021-07-20 11:42:17 WARN  NativeCodeLoader:62 - Unable to load native-hadoop library for your platform... using builtin-java classes where applicable
2021-07-20 11:42:31 WARN  ProcfsMetricsGetter:69 - Exception when trying to compute pagesize, as a result reporting of ProcessTree metrics is stopped
2021-07-20 11:44:22 WARN  NativeCodeLoader:62 - Unable to load native-hadoop library for your platform... using builtin-java classes where applicable
2021-07-20 11:44:40 WARN  ProcfsMetricsGetter:69 - Exception when trying to compute pagesize, as a result reporting of ProcessTree metrics is stopped
2021-07-20 11:46:48 WARN  NativeCodeLoader:62 - Unable to load native-hadoop library for your platform... using builtin-java classes where applicable
2021-07-20 11:47:02 WARN  ProcfsMetricsGetter:69 - Exception when trying to compute pagesize, as a result reporting of ProcessTree metrics is stopped
2021-07-20 11:49:19 WARN  NativeCodeLoader:62 - Unable to load native-hadoop library for your platform... using builtin-java classes where applicable
2021-07-20 11:49:36 WARN  ProcfsMetricsGetter:69 - Exception when trying to compute pagesize, as a result reporting of ProcessTree metrics is stopped
2021-07-20 11:57:23 WARN  NativeCodeLoader:62 - Unable to load native-hadoop library for your platform... using builtin-java classes where applicable
2021-07-20 12:00:56 WARN  NativeCodeLoader:62 - Unable to load native-hadoop library for your platform... using builtin-java classes where applicable
2021-07-20 12:01:17 WARN  ProcfsMetricsGetter:69 - Exception when trying to compute pagesize, as a result reporting of ProcessTree metrics is stopped
2021-07-20 12:25:44 WARN  NativeCodeLoader:62 - Unable to load native-hadoop library for your platform... using builtin-java classes where applicable
2021-07-20 12:26:04 WARN  ProcfsMetricsGetter:69 - Exception when trying to compute pagesize, as a result reporting of ProcessTree metrics is stopped
2021-07-20 12:28:50 WARN  NativeCodeLoader:62 - Unable to load native-hadoop library for your platform... using builtin-java classes where applicable
2021-07-20 12:29:13 WARN  ProcfsMetricsGetter:69 - Exception when trying to compute pagesize, as a result reporting of ProcessTree metrics is stopped
2021-07-20 12:31:33 WARN  NativeCodeLoader:62 - Unable to load native-hadoop library for your platform... using builtin-java classes where applicable
2021-07-20 12:31:55 WARN  ProcfsMetricsGetter:69 - Exception when trying to compute pagesize, as a result reporting of ProcessTree metrics is stopped
2021-07-20 12:33:01 WARN  NativeCodeLoader:62 - Unable to load native-hadoop library for your platform... using builtin-java classes where applicable
2021-07-20 12:33:19 WARN  ProcfsMetricsGetter:69 - Exception when trying to compute pagesize, as a result reporting of ProcessTree metrics is stopped
2021-07-20 12:40:07 WARN  NativeCodeLoader:62 - Unable to load native-hadoop library for your platform... using builtin-java classes where applicable
2021-07-20 12:40:22 WARN  ProcfsMetricsGetter:69 - Exception when trying to compute pagesize, as a result reporting of ProcessTree metrics is stopped
2021-07-20 12:45:23 WARN  NativeCodeLoader:62 - Unable to load native-hadoop library for your platform... using builtin-java classes where applicable
2021-07-20 12:45:37 WARN  ProcfsMetricsGetter:69 - Exception when trying to compute pagesize, as a result reporting of ProcessTree metrics is stopped
2021-07-20 14:13:24 WARN  NativeCodeLoader:62 - Unable to load native-hadoop library for your platform... using builtin-java classes where applicable
2021-07-20 14:13:46 WARN  ProcfsMetricsGetter:69 - Exception when trying to compute pagesize, as a result reporting of ProcessTree metrics is stopped
2021-07-20 14:18:10 WARN  NativeCodeLoader:62 - Unable to load native-hadoop library for your platform... using builtin-java classes where applicable
2021-07-20 14:18:26 WARN  ProcfsMetricsGetter:69 - Exception when trying to compute pagesize, as a result reporting of ProcessTree metrics is stopped
2021-07-20 14:25:20 WARN  NativeCodeLoader:62 - Unable to load native-hadoop library for your platform... using builtin-java classes where applicable
2021-07-20 14:25:39 WARN  ProcfsMetricsGetter:69 - Exception when trying to compute pagesize, as a result reporting of ProcessTree metrics is stopped
2021-07-20 14:27:31 WARN  NativeCodeLoader:62 - Unable to load native-hadoop library for your platform... using builtin-java classes where applicable
2021-07-20 14:27:48 WARN  ProcfsMetricsGetter:69 - Exception when trying to compute pagesize, as a result reporting of ProcessTree metrics is stopped
2021-07-20 14:30:36 WARN  NativeCodeLoader:62 - Unable to load native-hadoop library for your platform... using builtin-java classes where applicable
2021-07-20 14:30:54 WARN  ProcfsMetricsGetter:69 - Exception when trying to compute pagesize, as a result reporting of ProcessTree metrics is stopped
2021-07-20 14:32:48 WARN  NativeCodeLoader:62 - Unable to load native-hadoop library for your platform... using builtin-java classes where applicable
2021-07-20 14:33:05 WARN  ProcfsMetricsGetter:69 - Exception when trying to compute pagesize, as a result reporting of ProcessTree metrics is stopped
2021-07-20 14:35:57 WARN  NativeCodeLoader:62 - Unable to load native-hadoop library for your platform... using builtin-java classes where applicable
2021-07-20 14:36:12 WARN  ProcfsMetricsGetter:69 - Exception when trying to compute pagesize, as a result reporting of ProcessTree metrics is stopped
2021-07-20 14:37:53 WARN  NativeCodeLoader:62 - Unable to load native-hadoop library for your platform... using builtin-java classes where applicable
2021-07-20 14:38:07 WARN  ProcfsMetricsGetter:69 - Exception when trying to compute pagesize, as a result reporting of ProcessTree metrics is stopped
2021-07-20 14:40:37 WARN  NativeCodeLoader:62 - Unable to load native-hadoop library for your platform... using builtin-java classes where applicable
2021-07-20 14:45:15 WARN  NativeCodeLoader:62 - Unable to load native-hadoop library for your platform... using builtin-java classes where applicable
2021-07-20 14:45:29 WARN  ProcfsMetricsGetter:69 - Exception when trying to compute pagesize, as a result reporting of ProcessTree metrics is stopped
2021-07-20 14:48:16 WARN  NativeCodeLoader:62 - Unable to load native-hadoop library for your platform... using builtin-java classes where applicable
2021-07-20 14:48:36 WARN  ProcfsMetricsGetter:69 - Exception when trying to compute pagesize, as a result reporting of ProcessTree metrics is stopped
2021-07-20 14:56:12 WARN  NativeCodeLoader:62 - Unable to load native-hadoop library for your platform... using builtin-java classes where applicable
2021-07-20 14:56:26 WARN  ProcfsMetricsGetter:69 - Exception when trying to compute pagesize, as a result reporting of ProcessTree metrics is stopped
2021-07-20 17:48:42 WARN  NativeCodeLoader:62 - Unable to load native-hadoop library for your platform... using builtin-java classes where applicable
2021-07-20 17:48:56 WARN  ProcfsMetricsGetter:69 - Exception when trying to compute pagesize, as a result reporting of ProcessTree metrics is stopped
2021-07-20 18:00:11 WARN  NativeCodeLoader:62 - Unable to load native-hadoop library for your platform... using builtin-java classes where applicable
2021-07-20 18:00:26 WARN  ProcfsMetricsGetter:69 - Exception when trying to compute pagesize, as a result reporting of ProcessTree metrics is stopped
2021-07-20 18:26:44 WARN  NativeCodeLoader:62 - Unable to load native-hadoop library for your platform... using builtin-java classes where applicable
2021-07-20 18:27:02 WARN  ProcfsMetricsGetter:69 - Exception when trying to compute pagesize, as a result reporting of ProcessTree metrics is stopped
2021-07-20 19:11:12 WARN  NativeCodeLoader:62 - Unable to load native-hadoop library for your platform... using builtin-java classes where applicable
2021-07-20 19:11:28 WARN  ProcfsMetricsGetter:69 - Exception when trying to compute pagesize, as a result reporting of ProcessTree metrics is stopped
2021-07-20 19:13:02 WARN  NativeCodeLoader:62 - Unable to load native-hadoop library for your platform... using builtin-java classes where applicable
2021-07-20 19:13:20 WARN  ProcfsMetricsGetter:69 - Exception when trying to compute pagesize, as a result reporting of ProcessTree metrics is stopped
2021-07-20 19:25:58 WARN  NativeCodeLoader:62 - Unable to load native-hadoop library for your platform... using builtin-java classes where applicable
2021-07-20 19:26:17 WARN  ProcfsMetricsGetter:69 - Exception when trying to compute pagesize, as a result reporting of ProcessTree metrics is stopped
2021-07-20 19:32:56 WARN  NativeCodeLoader:62 - Unable to load native-hadoop library for your platform... using builtin-java classes where applicable
2021-07-20 19:33:12 WARN  ProcfsMetricsGetter:69 - Exception when trying to compute pagesize, as a result reporting of ProcessTree metrics is stopped
2021-07-20 19:45:02 WARN  NativeCodeLoader:62 - Unable to load native-hadoop library for your platform... using builtin-java classes where applicable
2021-07-20 19:45:18 WARN  ProcfsMetricsGetter:69 - Exception when trying to compute pagesize, as a result reporting of ProcessTree metrics is stopped
2021-07-21 08:45:13 WARN  NativeCodeLoader:62 - Unable to load native-hadoop library for your platform... using builtin-java classes where applicable
2021-07-21 08:45:24 WARN  NativeCodeLoader:62 - Unable to load native-hadoop library for your platform... using builtin-java classes where applicable
2021-07-21 08:45:38 WARN  ProcfsMetricsGetter:69 - Exception when trying to compute pagesize, as a result reporting of ProcessTree metrics is stopped
2021-07-21 08:46:31 WARN  NativeCodeLoader:62 - Unable to load native-hadoop library for your platform... using builtin-java classes where applicable
2021-07-21 08:46:49 WARN  ProcfsMetricsGetter:69 - Exception when trying to compute pagesize, as a result reporting of ProcessTree metrics is stopped
2021-07-21 19:00:46 WARN  NativeCodeLoader:62 - Unable to load native-hadoop library for your platform... using builtin-java classes where applicable
2021-07-21 19:01:01 WARN  ProcfsMetricsGetter:69 - Exception when trying to compute pagesize, as a result reporting of ProcessTree metrics is stopped
2021-07-21 19:06:46 WARN  NativeCodeLoader:62 - Unable to load native-hadoop library for your platform... using builtin-java classes where applicable
2021-07-21 19:07:00 WARN  ProcfsMetricsGetter:69 - Exception when trying to compute pagesize, as a result reporting of ProcessTree metrics is stopped
2021-07-21 19:07:38 WARN  NativeCodeLoader:62 - Unable to load native-hadoop library for your platform... using builtin-java classes where applicable
2021-07-21 19:07:54 WARN  ProcfsMetricsGetter:69 - Exception when trying to compute pagesize, as a result reporting of ProcessTree metrics is stopped
2021-07-21 19:12:58 WARN  NativeCodeLoader:62 - Unable to load native-hadoop library for your platform... using builtin-java classes where applicable
2021-07-21 19:28:39 WARN  NativeCodeLoader:62 - Unable to load native-hadoop library for your platform... using builtin-java classes where applicable
2021-07-21 19:28:59 WARN  ProcfsMetricsGetter:69 - Exception when trying to compute pagesize, as a result reporting of ProcessTree metrics is stopped
2021-07-21 19:29:52 WARN  NativeCodeLoader:62 - Unable to load native-hadoop library for your platform... using builtin-java classes where applicable
2021-07-21 19:30:09 WARN  ProcfsMetricsGetter:69 - Exception when trying to compute pagesize, as a result reporting of ProcessTree metrics is stopped
2021-07-21 19:32:27 WARN  NativeCodeLoader:62 - Unable to load native-hadoop library for your platform... using builtin-java classes where applicable
2021-07-21 19:32:46 WARN  ProcfsMetricsGetter:69 - Exception when trying to compute pagesize, as a result reporting of ProcessTree metrics is stopped
2021-07-21 19:36:43 WARN  NativeCodeLoader:62 - Unable to load native-hadoop library for your platform... using builtin-java classes where applicable
2021-07-21 19:37:03 WARN  ProcfsMetricsGetter:69 - Exception when trying to compute pagesize, as a result reporting of ProcessTree metrics is stopped
2021-07-21 19:37:18 WARN  Instrumentation:69 - [87c2994c] regParam is zero, which might cause numerical instability and overfitting.
2021-07-21 19:37:18 WARN  BLAS:61 - Failed to load implementation from: com.github.fommil.netlib.NativeSystemBLAS
2021-07-21 19:37:18 WARN  BLAS:61 - Failed to load implementation from: com.github.fommil.netlib.NativeRefBLAS
2021-07-21 19:37:18 WARN  LAPACK:61 - Failed to load implementation from: com.github.fommil.netlib.NativeSystemLAPACK
2021-07-21 19:37:18 WARN  LAPACK:61 - Failed to load implementation from: com.github.fommil.netlib.NativeRefLAPACK
2021-07-21 20:45:59 WARN  NativeCodeLoader:62 - Unable to load native-hadoop library for your platform... using builtin-java classes where applicable
2021-07-21 20:46:15 WARN  ProcfsMetricsGetter:69 - Exception when trying to compute pagesize, as a result reporting of ProcessTree metrics is stopped
2021-07-21 20:46:27 WARN  Instrumentation:69 - [f35d23a9] regParam is zero, which might cause numerical instability and overfitting.
2021-07-21 20:46:27 WARN  BLAS:61 - Failed to load implementation from: com.github.fommil.netlib.NativeSystemBLAS
2021-07-21 20:46:27 WARN  BLAS:61 - Failed to load implementation from: com.github.fommil.netlib.NativeRefBLAS
2021-07-21 20:46:27 WARN  LAPACK:61 - Failed to load implementation from: com.github.fommil.netlib.NativeSystemLAPACK
2021-07-21 20:46:27 WARN  LAPACK:61 - Failed to load implementation from: com.github.fommil.netlib.NativeRefLAPACK
2021-07-21 21:21:53 WARN  NativeCodeLoader:62 - Unable to load native-hadoop library for your platform... using builtin-java classes where applicable
2021-07-21 21:22:10 WARN  ProcfsMetricsGetter:69 - Exception when trying to compute pagesize, as a result reporting of ProcessTree metrics is stopped
2021-07-21 21:22:25 WARN  Instrumentation:69 - [e7885cc3] regParam is zero, which might cause numerical instability and overfitting.
2021-07-21 21:22:25 WARN  BLAS:61 - Failed to load implementation from: com.github.fommil.netlib.NativeSystemBLAS
2021-07-21 21:22:25 WARN  BLAS:61 - Failed to load implementation from: com.github.fommil.netlib.NativeRefBLAS
2021-07-21 21:22:25 WARN  LAPACK:61 - Failed to load implementation from: com.github.fommil.netlib.NativeSystemLAPACK
2021-07-21 21:22:25 WARN  LAPACK:61 - Failed to load implementation from: com.github.fommil.netlib.NativeRefLAPACK
2021-07-21 21:24:43 WARN  NativeCodeLoader:62 - Unable to load native-hadoop library for your platform... using builtin-java classes where applicable
2021-07-21 21:25:06 WARN  ProcfsMetricsGetter:69 - Exception when trying to compute pagesize, as a result reporting of ProcessTree metrics is stopped
2021-07-21 21:25:30 WARN  Instrumentation:69 - [780f6ec2] regParam is zero, which might cause numerical instability and overfitting.
2021-07-21 21:25:30 WARN  BLAS:61 - Failed to load implementation from: com.github.fommil.netlib.NativeSystemBLAS
2021-07-21 21:25:30 WARN  BLAS:61 - Failed to load implementation from: com.github.fommil.netlib.NativeRefBLAS
2021-07-21 21:25:31 WARN  LAPACK:61 - Failed to load implementation from: com.github.fommil.netlib.NativeSystemLAPACK
2021-07-21 21:25:31 WARN  LAPACK:61 - Failed to load implementation from: com.github.fommil.netlib.NativeRefLAPACK
2021-07-22 09:18:12 WARN  NativeCodeLoader:62 - Unable to load native-hadoop library for your platform... using builtin-java classes where applicable
2021-07-22 09:18:29 WARN  ProcfsMetricsGetter:69 - Exception when trying to compute pagesize, as a result reporting of ProcessTree metrics is stopped
2021-07-22 09:40:40 WARN  NativeCodeLoader:62 - Unable to load native-hadoop library for your platform... using builtin-java classes where applicable
2021-07-22 09:40:58 WARN  ProcfsMetricsGetter:69 - Exception when trying to compute pagesize, as a result reporting of ProcessTree metrics is stopped
2021-07-22 09:43:21 WARN  NativeCodeLoader:62 - Unable to load native-hadoop library for your platform... using builtin-java classes where applicable
2021-07-22 09:43:38 WARN  ProcfsMetricsGetter:69 - Exception when trying to compute pagesize, as a result reporting of ProcessTree metrics is stopped
2021-07-22 09:46:24 WARN  NativeCodeLoader:62 - Unable to load native-hadoop library for your platform... using builtin-java classes where applicable
2021-07-22 09:46:41 WARN  ProcfsMetricsGetter:69 - Exception when trying to compute pagesize, as a result reporting of ProcessTree metrics is stopped
2021-07-22 09:49:16 WARN  NativeCodeLoader:62 - Unable to load native-hadoop library for your platform... using builtin-java classes where applicable
2021-07-22 09:49:33 WARN  ProcfsMetricsGetter:69 - Exception when trying to compute pagesize, as a result reporting of ProcessTree metrics is stopped
2021-07-22 10:32:58 WARN  NativeCodeLoader:62 - Unable to load native-hadoop library for your platform... using builtin-java classes where applicable
2021-07-22 10:33:13 WARN  ProcfsMetricsGetter:69 - Exception when trying to compute pagesize, as a result reporting of ProcessTree metrics is stopped
2021-07-22 10:50:00 WARN  NativeCodeLoader:62 - Unable to load native-hadoop library for your platform... using builtin-java classes where applicable
2021-07-22 10:50:19 WARN  ProcfsMetricsGetter:69 - Exception when trying to compute pagesize, as a result reporting of ProcessTree metrics is stopped
2021-07-22 16:21:10 WARN  NativeCodeLoader:62 - Unable to load native-hadoop library for your platform... using builtin-java classes where applicable
2021-07-22 16:21:29 WARN  ProcfsMetricsGetter:69 - Exception when trying to compute pagesize, as a result reporting of ProcessTree metrics is stopped
